<?xml version="1.0" encoding="UTF-8"?>
<testsuite name="org.hyperskill.tests.stopwatch.Stage4UnitTest" tests="7" skipped="0" failures="0" errors="0" timestamp="2025-09-13T14:29:01" hostname="Mac" time="0.499">
  <properties/>
  <testcase name="test1_ShouldCheckSettingsButtonExist" classname="org.hyperskill.tests.stopwatch.Stage4UnitTest" time="0.046"/>
  <testcase name="test2_ShouldCheckSettingsButtonEnable" classname="org.hyperskill.tests.stopwatch.Stage4UnitTest" time="0.039"/>
  <testcase name="test3_ShouldShowAlertDialogOnSettingsButtonClick" classname="org.hyperskill.tests.stopwatch.Stage4UnitTest" time="0.15"/>
  <testcase name="test4_DialogButtonsShouldContainText" classname="org.hyperskill.tests.stopwatch.Stage4UnitTest" time="0.051"/>
  <testcase name="test5_ShouldCheckLimitIsNotSetOnCancel" classname="org.hyperskill.tests.stopwatch.Stage4UnitTest" time="0.065"/>
  <testcase name="test6_ShouldCheckLimitIsSetOnOk" classname="org.hyperskill.tests.stopwatch.Stage4UnitTest" time="0.091"/>
  <testcase name="test7_ShouldCheckColorsOnRestart" classname="org.hyperskill.tests.stopwatch.Stage4UnitTest" time="0.053"/>
  <system-out><![CDATA[]]></system-out>
  <system-err><![CDATA[]]></system-err>
</testsuite>
